[debug] [2024-07-06T00:00:35.804Z] ----------------------------------------------------------------------
[debug] [2024-07-06T00:00:35.808Z] Command:       C:\Program Files\nodejs\node.exe C:\Users\jahir\AppData\Roaming\npm\node_modules\firebase-tools\lib\bin\firebase.js init
[debug] [2024-07-06T00:00:35.808Z] CLI Version:   13.13.0
[debug] [2024-07-06T00:00:35.808Z] Platform:      win32
[debug] [2024-07-06T00:00:35.808Z] Node Version:  v20.12.1
[debug] [2024-07-06T00:00:35.809Z] Time:          Fri Jul 05 2024 18:00:35 GMT-0600 (hora estándar central)
[debug] [2024-07-06T00:00:35.809Z] ----------------------------------------------------------------------
[debug] 
[debug] [2024-07-06T00:00:35.816Z] > command requires scopes: ["email","openid","https://www.googleapis.com/auth/cloudplatformprojects.readonly","https://www.googleapis.com/auth/firebase","https://www.googleapis.com/auth/cloud-platform"]
[debug] [2024-07-06T00:00:35.817Z] > authorizing via signed-in user (jahirrobles2020@gmail.com)
[info] 
     ######## #### ########  ######## ########     ###     ######  ########
     ##        ##  ##     ## ##       ##     ##  ##   ##  ##       ##
     ######    ##  ########  ######   ########  #########  ######  ######
     ##        ##  ##    ##  ##       ##     ## ##     ##       ## ##
     ##       #### ##     ## ######## ########  ##     ##  ######  ########

You're about to initialize a Firebase project in this directory:

  C:\Users\jahir\Desktop\Quiniela2024

[info] 
=== Project Setup
[info] 
[info] First, let's associate this project directory with a Firebase project.
[info] You can create multiple project aliases by running firebase use --add, 
[info] but for now we'll just set up a default project.
[info] 
[debug] [2024-07-06T00:00:51.056Z] >>> [apiv2][query] GET https://firebase.googleapis.com/v1beta1/projects pageSize=100
[debug] [2024-07-06T00:00:52.001Z] <<< [apiv2][status] GET https://firebase.googleapis.com/v1beta1/projects 200
[debug] [2024-07-06T00:00:52.002Z] <<< [apiv2][body] GET https://firebase.googleapis.com/v1beta1/projects [omitted]
[debug] [2024-07-06T00:01:21.068Z] ----------------------------------------------------------------------
[debug] [2024-07-06T00:01:21.072Z] Command:       C:\Program Files\nodejs\node.exe C:\Users\jahir\AppData\Roaming\npm\node_modules\firebase-tools\lib\bin\firebase.js init
[debug] [2024-07-06T00:01:21.073Z] CLI Version:   13.13.0
[debug] [2024-07-06T00:01:21.073Z] Platform:      win32
[debug] [2024-07-06T00:01:21.073Z] Node Version:  v20.12.1
[debug] [2024-07-06T00:01:21.073Z] Time:          Fri Jul 05 2024 18:01:21 GMT-0600 (hora estándar central)
[debug] [2024-07-06T00:01:21.073Z] ----------------------------------------------------------------------
[debug] 
[debug] [2024-07-06T00:01:21.082Z] > command requires scopes: ["email","openid","https://www.googleapis.com/auth/cloudplatformprojects.readonly","https://www.googleapis.com/auth/firebase","https://www.googleapis.com/auth/cloud-platform"]
[debug] [2024-07-06T00:01:21.083Z] > authorizing via signed-in user (jahirrobles2020@gmail.com)
[info] 
     ######## #### ########  ######## ########     ###     ######  ########
     ##        ##  ##     ## ##       ##     ##  ##   ##  ##       ##
     ######    ##  ########  ######   ########  #########  ######  ######
     ##        ##  ##    ##  ##       ##     ## ##     ##       ## ##
     ##       #### ##     ## ######## ########  ##     ##  ######  ########

You're about to initialize a Firebase project in this directory:

  C:\Users\jahir\Desktop\Quiniela2024

[info] 
=== Project Setup
[info] 
[info] First, let's associate this project directory with a Firebase project.
[info] You can create multiple project aliases by running firebase use --add, 
[info] but for now we'll just set up a default project.
[info] 
[info] i  If you want to create a project in a Google Cloud organization or folder, please use "firebase projects:create" instead, and return to this command when you've created the project. 
